# JRE version: Java(TM) SE Runtime Environment (17.0+35) (build 17+35-LTS-2724)
# Java VM: Java HotSpot(TM) 64-Bit Server VM (17+35-LTS-2724, mixed mode, emulated-client, sharing, tiered, compressed oops, compressed class ptrs, g1 gc, windows-amd64)
GC Precious Log:
 CPUs: 12 total, 12 available
 Memory: 8042M
 Large Page Support: Disabled
 NUMA Support: Disabled
 Compressed Oops: Enabled (32-bit)
 Heap Region Size: 1M
 Heap Min Capacity: 8M
 Heap Initial Capacity: 126M
 Heap Max Capacity: 2012M
 Pre-touch: Disabled
 Parallel Workers: 10
 Concurrent Workers: 3
 Concurrent Refinement Workers: 10
 Periodic GC: Disabled
Heap:
 garbage-first heap   total 147456K, used 85819K [0x0000000082400000, 0x0000000100000000)
  region size 1024K, 61 young (62464K), 4 survivors (4096K)
 Metaspace       used 54633K, committed 55104K, reserved 1097728K
  class space    used 7612K, committed 7808K, reserved 1048576K
GC Heap History (20 events):
Event: 3.814 GC heap before
{Heap before GC invocations=9 (full 0):
 garbage-first heap   total 73728K, used 54860K [0x0000000082400000, 0x0000000100000000)
  region size 1024K, 37 young (37888K), 1 survivors (1024K)
 Metaspace       used 27134K, committed 27456K, reserved 1073152K
  class space    used 3738K, committed 3904K, reserved 1048576K
}
Event: 3.817 GC heap after
{Heap after GC invocations=10 (full 0):
 garbage-first heap   total 73728K, used 19873K [0x0000000082400000, 0x0000000100000000)
  region size 1024K, 2 young (2048K), 2 survivors (2048K)
 Metaspace       used 27134K, committed 27456K, reserved 1073152K
  class space    used 3738K, committed 3904K, reserved 1048576K
}
Event: 4.488 GC heap before
{Heap before GC invocations=10 (full 0):
 garbage-first heap   total 73728K, used 56737K [0x0000000082400000, 0x0000000100000000)
  region size 1024K, 38 young (38912K), 2 survivors (2048K)
 Metaspace       used 33126K, committed 33536K, reserved 1081344K
  class space    used 4712K, committed 4928K, reserved 1048576K
}
Event: 4.491 GC heap after
{Heap after GC invocations=11 (full 0):
 garbage-first heap   total 73728K, used 20968K [0x0000000082400000, 0x0000000100000000)
  region size 1024K, 3 young (3072K), 3 survivors (3072K)
 Metaspace       used 33126K, committed 33536K, reserved 1081344K
  class space    used 4712K, committed 4928K, reserved 1048576K
}
Event: 4.799 GC heap before
{Heap before GC invocations=11 (full 0):
 garbage-first heap   total 73728K, used 34280K [0x0000000082400000, 0x0000000100000000)
  region size 1024K, 17 young (17408K), 3 survivors (3072K)
 Metaspace       used 35628K, committed 35968K, reserved 1081344K
  class space    used 5058K, committed 5248K, reserved 1048576K
}
Event: 4.802 GC heap after
{Heap after GC invocations=12 (full 0):
 garbage-first heap   total 73728K, used 21556K [0x0000000082400000, 0x0000000100000000)
  region size 1024K, 4 young (4096K), 4 survivors (4096K)
 Metaspace       used 35628K, committed 35968K, reserved 1081344K
  class space    used 5058K, committed 5248K, reserved 1048576K
}
Event: 5.449 GC heap before
{Heap before GC invocations=13 (full 0):
 garbage-first heap   total 73728K, used 58420K [0x0000000082400000, 0x0000000100000000)
  region size 1024K, 40 young (40960K), 4 survivors (4096K)
 Metaspace       used 41369K, committed 41728K, reserved 1089536K
  class space    used 5983K, committed 6144K, reserved 1048576K
}
Event: 5.452 GC heap after
{Heap after GC invocations=14 (full 0):
 garbage-first heap   total 73728K, used 22808K [0x0000000082400000, 0x0000000100000000)
  region size 1024K, 3 young (3072K), 3 survivors (3072K)
 Metaspace       used 41369K, committed 41728K, reserved 1089536K
  class space    used 5983K, committed 6144K, reserved 1048576K
}
Event: 5.932 GC heap before
{Heap before GC invocations=14 (full 0):
 garbage-first heap   total 73728K, used 59672K [0x0000000082400000, 0x0000000100000000)
  region size 1024K, 39 young (39936K), 3 survivors (3072K)
 Metaspace       used 45710K, committed 46144K, reserved 1089536K
  class space    used 6552K, committed 6720K, reserved 1048576K
}
Event: 5.936 GC heap after
{Heap after GC invocations=15 (full 0):
 garbage-first heap   total 73728K, used 24487K [0x0000000082400000, 0x0000000100000000)
  region size 1024K, 4 young (4096K), 4 survivors (4096K)
 Metaspace       used 45710K, committed 46144K, reserved 1089536K
  class space    used 6552K, committed 6720K, reserved 1048576K
}
Event: 6.314 GC heap before
{Heap before GC invocations=15 (full 0):
 garbage-first heap   total 73728K, used 59303K [0x0000000082400000, 0x0000000100000000)
  region size 1024K, 38 young (38912K), 4 survivors (4096K)
 Metaspace       used 48119K, committed 48512K, reserved 1097728K
  class space    used 6899K, committed 7104K, reserved 1048576K
}
Event: 6.318 GC heap after
{Heap after GC invocations=16 (full 0):
 garbage-first heap   total 73728K, used 26624K [0x0000000082400000, 0x0000000100000000)
  region size 1024K, 4 young (4096K), 4 survivors (4096K)
 Metaspace       used 48119K, committed 48512K, reserved 1097728K
  class space    used 6899K, committed 7104K, reserved 1048576K
}
Event: 64.903 GC heap before
{Heap before GC invocations=16 (full 0):
 garbage-first heap   total 73728K, used 59392K [0x0000000082400000, 0x0000000100000000)
  region size 1024K, 36 young (36864K), 4 survivors (4096K)
 Metaspace       used 53636K, committed 54080K, reserved 1097728K
  class space    used 7478K, committed 7680K, reserved 1048576K
}
Event: 64.910 GC heap after
{Heap after GC invocations=17 (full 0):
 garbage-first heap   total 147456K, used 28369K [0x0000000082400000, 0x0000000100000000)
  region size 1024K, 4 young (4096K), 4 survivors (4096K)
 Metaspace       used 53636K, committed 54080K, reserved 1097728K
  class space    used 7478K, committed 7680K, reserved 1048576K
}
Event: 65.404 GC heap before
{Heap before GC invocations=17 (full 0):
 garbage-first heap   total 147456K, used 112337K [0x0000000082400000, 0x0000000100000000)
  region size 1024K, 86 young (88064K), 4 survivors (4096K)
 Metaspace       used 53658K, committed 54144K, reserved 1097728K
  class space    used 7481K, committed 7680K, reserved 1048576K
}
Event: 65.408 GC heap after
{Heap after GC invocations=18 (full 0):
 garbage-first heap   total 147456K, used 28349K [0x0000000082400000, 0x0000000100000000)
  region size 1024K, 4 young (4096K), 4 survivors (4096K)
 Metaspace       used 53658K, committed 54144K, reserved 1097728K
  class space    used 7481K, committed 7680K, reserved 1048576K
}
Event: 65.737 GC heap before
{Heap before GC invocations=18 (full 0):
 garbage-first heap   total 147456K, used 112317K [0x0000000082400000, 0x0000000100000000)
  region size 1024K, 86 young (88064K), 4 survivors (4096K)
 Metaspace       used 53658K, committed 54144K, reserved 1097728K
  class space    used 7481K, committed 7680K, reserved 1048576K
}
Event: 65.741 GC heap after
{Heap after GC invocations=19 (full 0):
 garbage-first heap   total 147456K, used 28268K [0x0000000082400000, 0x0000000100000000)
  region size 1024K, 4 young (4096K), 4 survivors (4096K)
 Metaspace       used 53658K, committed 54144K, reserved 1097728K
  class space    used 7481K, committed 7680K, reserved 1048576K
}
Event: 66.097 GC heap before
{Heap before GC invocations=19 (full 0):
 garbage-first heap   total 147456K, used 112236K [0x0000000082400000, 0x0000000100000000)
  region size 1024K, 86 young (88064K), 4 survivors (4096K)
 Metaspace       used 53658K, committed 54144K, reserved 1097728K
  class space    used 7481K, committed 7680K, reserved 1048576K
}
Event: 66.100 GC heap after
{Heap after GC invocations=20 (full 0):
 garbage-first heap   total 147456K, used 28475K [0x0000000082400000, 0x0000000100000000)
  region size 1024K, 4 young (4096K), 4 survivors (4096K)
 Metaspace       used 53658K, committed 54144K, reserved 1097728K
  class space    used 7481K, committed 7680K, reserved 1048576K
}

